<?xml version="1.0" encoding="UTF-8"?>
<!-- Generated by org.testng.reporters.JUnitXMLReporter -->
<testsuite ignored="0" hostname="apples-MacBook-Pro.local" failures="1" tests="1" name="Test" time="60.177" errors="0" timestamp="2024-01-30T18:51:22 IST">
  <testcase classname="Melaleuca.mobileAutomation.Test.SignInTest" name="AndroidLogin" time="52.935">
    <failure type="org.openqa.selenium.UnsupportedCommandException" message="Unknown mobile command &amp;quot;arguments[0].scrollIntoView(true);&amp;quot;. Only shell, execEmuConsoleCommand, dragGesture, flingGesture, doubleClickGesture, clickGesture, longClickGesture, pinchCloseGesture, pinchOpenGesture, swipeGesture, scrollGesture, scrollBackTo, scroll, viewportScreenshot, viewportRect, deepLink, startLogsBroadcast, stopLogsBroadcast, deviceidle, acceptAlert, dismissAlert, batteryInfo, deviceInfo, getDeviceTime, changePermissions, getPermissions, performEditorAction, startScreenStreaming, stopScreenStreaming, getNotifications, openNotifications, listSms, type, replaceElementValue, pushFile, pullFile, pullFolder, deleteFile, isAppInstalled, queryAppState, activateApp, removeApp, terminateApp, installApp, clearApp, backgroundApp, getCurrentActivity, getCurrentPackage, startActivity, startService, stopService, broadcast, getContexts, getAppStrings, installMultipleApks, lock, unlock, isLocked, refreshGpsCache, startMediaProjectionRecording, isMediaProjectionRecordingRunning, stopMediaProjectionRecording, getConnectivity, setConnectivity, toggleGps, isGpsEnabled, hideKeyboard, isKeyboardShown, pressKey, getDisplayDensity, getSystemBars, fingerprint, sendSms, gsmCall, gsmSignal, gsmVoice, powerAc, powerCapacity, networkSpeed, sensorSet, getPerformanceData, getPerformanceDataTypes, statusBar, screenshots, scheduleAction, getActionHistory, unscheduleAction, getUiMode, setUiMode, sendTrimMemory commands are supported.
Build info: version: &amp;apos;4.17.0&amp;apos;, revision: &amp;apos;e52b1be057*&amp;apos;
System info: os.name: &amp;apos;Mac OS X&amp;apos;, os.arch: &amp;apos;x86_64&amp;apos;, os.version: &amp;apos;14.1.2&amp;apos;, java.version: &amp;apos;17.0.9&amp;apos;
Driver info: io.appium.java_client.android.AndroidDriver
Command: [02c4a64c-e98a-4a4d-845f-916f796869a4, executeScript {args=[{element-6066-11e4-a52e-4f735466cecf=00000000-0000-0211-ffff-ffff0000072d}], script=arguments[0].scrollIntoView(true);}]
Capabilities {appium:app: /Users/apple/eclipse-worksp..., appium:appPackage: com.melaleuca.shopping, appium:automationName: UIAutomator2, appium:databaseEnabled: false, appium:desired: {app: /Users/apple/eclipse-worksp..., automationName: UIAutomator2, deviceName: Pixel 6, platformName: ANDROID}, appium:deviceApiLevel: 30, appium:deviceManufacturer: Google, appium:deviceModel: sdk_gphone_x86, appium:deviceName: emulator-5554, appium:deviceScreenDensity: 420, appium:deviceScreenSize: 1080x2400, appium:deviceUDID: emulator-5554, appium:javascriptEnabled: true, appium:locationContextEnabled: false, appium:networkConnectionEnabled: true, appium:pixelRatio: 2.625, appium:platformVersion: 11, appium:statBarHeight: 63, appium:takesScreenshot: true, appium:viewportRect: {height: 2337, left: 0, top: 63, width: 1080}, appium:warnings: {}, appium:webStorageEnabled: false, platformName: ANDROID}
Session ID: 02c4a64c-e98a-4a4d-845f-916f796869a4">
      <![CDATA[org.openqa.selenium.UnsupportedCommandException: Unknown mobile command "arguments[0].scrollIntoView(true);". Only shell, execEmuConsoleCommand, dragGesture, flingGesture, doubleClickGesture, clickGesture, longClickGesture, pinchCloseGesture, pinchOpenGesture, swipeGesture, scrollGesture, scrollBackTo, scroll, viewportScreenshot, viewportRect, deepLink, startLogsBroadcast, stopLogsBroadcast, deviceidle, acceptAlert, dismissAlert, batteryInfo, deviceInfo, getDeviceTime, changePermissions, getPermissions, performEditorAction, startScreenStreaming, stopScreenStreaming, getNotifications, openNotifications, listSms, type, replaceElementValue, pushFile, pullFile, pullFolder, deleteFile, isAppInstalled, queryAppState, activateApp, removeApp, terminateApp, installApp, clearApp, backgroundApp, getCurrentActivity, getCurrentPackage, startActivity, startService, stopService, broadcast, getContexts, getAppStrings, installMultipleApks, lock, unlock, isLocked, refreshGpsCache, startMediaProjectionRecording, isMediaProjectionRecordingRunning, stopMediaProjectionRecording, getConnectivity, setConnectivity, toggleGps, isGpsEnabled, hideKeyboard, isKeyboardShown, pressKey, getDisplayDensity, getSystemBars, fingerprint, sendSms, gsmCall, gsmSignal, gsmVoice, powerAc, powerCapacity, networkSpeed, sensorSet, getPerformanceData, getPerformanceDataTypes, statusBar, screenshots, scheduleAction, getActionHistory, unscheduleAction, getUiMode, setUiMode, sendTrimMemory commands are supported.
Build info: version: '4.17.0', revision: 'e52b1be057*'
System info: os.name: 'Mac OS X', os.arch: 'x86_64', os.version: '14.1.2', java.version: '17.0.9'
Driver info: io.appium.java_client.android.AndroidDriver
Command: [02c4a64c-e98a-4a4d-845f-916f796869a4, executeScript {args=[{element-6066-11e4-a52e-4f735466cecf=00000000-0000-0211-ffff-ffff0000072d}], script=arguments[0].scrollIntoView(true);}]
Capabilities {appium:app: /Users/apple/eclipse-worksp..., appium:appPackage: com.melaleuca.shopping, appium:automationName: UIAutomator2, appium:databaseEnabled: false, appium:desired: {app: /Users/apple/eclipse-worksp..., automationName: UIAutomator2, deviceName: Pixel 6, platformName: ANDROID}, appium:deviceApiLevel: 30, appium:deviceManufacturer: Google, appium:deviceModel: sdk_gphone_x86, appium:deviceName: emulator-5554, appium:deviceScreenDensity: 420, appium:deviceScreenSize: 1080x2400, appium:deviceUDID: emulator-5554, appium:javascriptEnabled: true, appium:locationContextEnabled: false, appium:networkConnectionEnabled: true, appium:pixelRatio: 2.625, appium:platformVersion: 11, appium:statBarHeight: 63, appium:takesScreenshot: true, appium:viewportRect: {height: 2337, left: 0, top: 63, width: 1080}, appium:warnings: {}, appium:webStorageEnabled: false, platformName: ANDROID}
Session ID: 02c4a64c-e98a-4a4d-845f-916f796869a4
at org.openqa.selenium.remote.codec.w3c.W3CHttpResponseCodec.createException(W3CHttpResponseCodec.java:185)
at org.openqa.selenium.remote.codec.w3c.W3CHttpResponseCodec.decode(W3CHttpResponseCodec.java:134)
at org.openqa.selenium.remote.codec.w3c.W3CHttpResponseCodec.decode(W3CHttpResponseCodec.java:51)
at org.openqa.selenium.remote.HttpCommandExecutor.execute(HttpCommandExecutor.java:190)
at io.appium.java_client.remote.AppiumCommandExecutor.execute(AppiumCommandExecutor.java:238)
at org.openqa.selenium.remote.RemoteWebDriver.execute(RemoteWebDriver.java:519)
at org.openqa.selenium.remote.RemoteWebDriver.executeScript(RemoteWebDriver.java:464)
at Melaleuca.mobileAutomation.Test.SignInTest.AndroidLogin(SignInTest.java:72)
at java.base/java.util.ArrayList.forEach(ArrayList.java:1511)
... Removed 32 stack frames]]>
    </failure>
  </testcase> <!-- AndroidLogin -->
</testsuite> <!-- Test -->
