<?xml version="1.0" encoding="UTF-8"?>
<!-- Generated by org.testng.reporters.JUnitXMLReporter -->
<testsuite ignored="0" hostname="DESKTOP-E3EDNBP" failures="0" tests="3" name="Default test" time="3.044" errors="0" timestamp="2024-02-20T16:33:25 IST">
  <testcase classname="libraryApi.DynamicJson" name="addBook" time="2.695"/>
  <testcase classname="libraryApi.DynamicJson" name="addBook" time="0.153"/>
  <testcase classname="libraryApi.DynamicJson" name="addBook" time="0.132"/>
</testsuite> <!-- Default test -->
