<?xml version="1.0" encoding="UTF-8"?>
<testng-results ignored="0" total="3" passed="3" failed="0" skipped="0">
  <reporter-output>
  </reporter-output>
  <suite started-at="2024-02-20T16:33:22 IST" name="Default suite" finished-at="2024-02-20T16:33:25 IST" duration-ms="3044">
    <groups>
    </groups>
    <test started-at="2024-02-20T16:33:22 IST" name="Default test" finished-at="2024-02-20T16:33:25 IST" duration-ms="3044">
      <class name="libraryApi.DynamicJson">
        <test-method signature="addBook(java.lang.String,java.lang.String)[pri:0, instance:libraryApi.DynamicJson@44ebcd03]" started-at="2024-02-20T16:33:22 IST" name="addBook" data-provider="data" finished-at="2024-02-20T16:33:25 IST" duration-ms="2695" status="PASS">
          <params>
            <param index="0">
              <value>
                <![CDATA[qwere]]>
              </value>
            </param>
            <param index="1">
              <value>
                <![CDATA[123]]>
              </value>
            </param>
          </params>
          <reporter-output>
          </reporter-output>
        </test-method> <!-- addBook -->
        <test-method signature="addBook(java.lang.String,java.lang.String)[pri:0, instance:libraryApi.DynamicJson@44ebcd03]" started-at="2024-02-20T16:33:25 IST" name="addBook" data-provider="data" finished-at="2024-02-20T16:33:25 IST" duration-ms="153" status="PASS">
          <params>
            <param index="0">
              <value>
                <![CDATA[asdfs]]>
              </value>
            </param>
            <param index="1">
              <value>
                <![CDATA[456]]>
              </value>
            </param>
          </params>
          <reporter-output>
          </reporter-output>
        </test-method> <!-- addBook -->
        <test-method signature="addBook(java.lang.String,java.lang.String)[pri:0, instance:libraryApi.DynamicJson@44ebcd03]" started-at="2024-02-20T16:33:25 IST" name="addBook" data-provider="data" finished-at="2024-02-20T16:33:25 IST" duration-ms="132" status="PASS">
          <params>
            <param index="0">
              <value>
                <![CDATA[ghjkl]]>
              </value>
            </param>
            <param index="1">
              <value>
                <![CDATA[789]]>
              </value>
            </param>
          </params>
          <reporter-output>
          </reporter-output>
        </test-method> <!-- addBook -->
      </class> <!-- libraryApi.DynamicJson -->
    </test> <!-- Default test -->
  </suite> <!-- Default suite -->
</testng-results>
