<?xml version="1.0" encoding="UTF-8"?>
<!-- Generated by org.testng.reporters.JUnitXMLReporter -->
<testsuite ignored="7" hostname="DESKTOP-E3EDNBP" failures="0" tests="2" name="Test" time="0.083" errors="0" timestamp="2024-03-12T17:56:41 IST">
  <testcase classname="testng.Basics" name="test09" time="0.015"/>
  <testcase classname="testng.Advanced" name="test11" time="0.015"/>
  <testcase classname="testng.Basic2" name="test15" time="0.0">
    <ignored/>
  </testcase> <!-- test15 -->
  <testcase classname="testng.Basic2" name="fail" time="0.0">
    <ignored/>
  </testcase> <!-- fail -->
  <testcase classname="testng.Basic2" name="test13" time="0.0">
    <ignored/>
  </testcase> <!-- test13 -->
  <testcase classname="testng.Basic2" name="test14" time="0.0">
    <ignored/>
  </testcase> <!-- test14 -->
  <testcase classname="testng.Advanced" name="test12" time="0.0">
    <ignored/>
  </testcase> <!-- test12 -->
  <testcase classname="testng.Basics" name="test10" time="0.0">
    <ignored/>
  </testcase> <!-- test10 -->
  <testcase classname="testng.Basic2" name="daata" time="0.0">
    <ignored/>
  </testcase> <!-- daata -->
</testsuite> <!-- Test -->
